Vivado Simulator 2017.4
Copyright 1986-1999, 2001-2016 Xilinx, Inc. All Rights Reserved.
Running: D:/XILINX/Vivado/2017.4/bin/unwrapped/win64.o/xelab.exe -wto b371e4ac8ce94eb8b61e3b4ba1414753 --incr --debug typical --relax --mt 2 -L xil_defaultlib -L unisims_ver -L unimacro_ver -L secureip --snapshot Test_comp_16_behav xil_defaultlib.Test_comp_16 xil_defaultlib.glbl -log elaborate.log 
Using 2 slave threads.
Starting static elaboration
Completed static elaboration
Starting simulation data flow analysis
Completed simulation data flow analysis
Time Resolution for simulation is 1ps
Compiling module unisims_ver.OBUF
Compiling module unisims_ver.CARRY4
Compiling module unisims_ver.x_lut2_mux4
Compiling module unisims_ver.LUT2
Compiling module unisims_ver.LUT6
Compiling module unisims_ver.LUT4
Compiling module unisims_ver.IBUF
Compiling module xil_defaultlib.TEMPLATE_COMP_16
Compiling module xil_defaultlib.comp_4
Compiling module xil_defaultlib.comp_16
Compiling module xil_defaultlib.Test_comp_16
Compiling module xil_defaultlib.glbl
Built simulation snapshot Test_comp_16_behav
