#-----------------------------------------------------------
# Vivado v2017.4 (64-bit)
# SW Build 2086221 on Fri Dec 15 20:55:39 MST 2017
# IP Build 2085800 on Fri Dec 15 22:25:07 MST 2017
# Start of session at: Wed Dec  7 19:58:27 2022
# Process ID: 44072
# Current directory: D:/FHH/prj/project/project_4_FIFO
# Command line: vivado.exe -gui_launcher_event rodinguilauncherevent43208 D:\FHH\prj\project\project_4_FIFO\project_4_FIFO.xpr
# Log file: D:/FHH/prj/project/project_4_FIFO/vivado.log
# Journal file: D:/FHH/prj/project/project_4_FIFO\vivado.jou
#-----------------------------------------------------------
start_gui
open_project D:/FHH/prj/project/project_4_FIFO/project_4_FIFO.xpr
Scanning sources...
Finished scanning sources
INFO: [IP_Flow 19-234] Refreshing IP repositories
INFO: [IP_Flow 19-1704] No user IP repositories specified
INFO: [IP_Flow 19-2313] Loaded Vivado IP repository 'D:/XILINX/Vivado/2017.4/data/ip'.
open_project: Time (s): cpu = 00:00:10 ; elapsed = 00:00:07 . Memory (MB): peak = 885.793 ; gain = 53.953
update_compile_order -fileset sources_1
close_project
create_project project_4_FIFO_addition D:/FHH/study/bachelor/prj/project/project_4_FIFO_addition -part xc7vx485tffg1157-1
INFO: [IP_Flow 19-234] Refreshing IP repositories
INFO: [IP_Flow 19-1704] No user IP repositories specified
INFO: [IP_Flow 19-2313] Loaded Vivado IP repository 'D:/XILINX/Vivado/2017.4/data/ip'.
