#-----------------------------------------------------------
# Vivado v2017.4 (64-bit)
# SW Build 2086221 on Fri Dec 15 20:55:39 MST 2017
# IP Build 2085800 on Fri Dec 15 22:25:07 MST 2017
# Start of session at: Mon Oct 17 16:10:23 2022
# Process ID: 67852
# Current directory: D:/FHH/大学/个人/数字电路/prj/project/project_2
# Command line: vivado.exe -gui_launcher_event rodinguilauncherevent67944 D:\FHH\大学\个人\数字电路\prj\project\project_2\project_2.xpr
# Log file: D:/FHH/大学/个人/数字电路/prj/project/project_2/vivado.log
# Journal file: D:/FHH/大学/个人/数字电路/prj/project/project_2\vivado.jou
#-----------------------------------------------------------
start_gui
open_project D:/FHH/大学/个人/数字电路/prj/project/project_2/project_2.xpr
INFO: [Project 1-313] Project file moved from 'D:/XILINX/project/project_2' since last save.
Scanning sources...
Finished scanning sources
INFO: [IP_Flow 19-234] Refreshing IP repositories
INFO: [IP_Flow 19-1704] No user IP repositories specified
INFO: [IP_Flow 19-2313] Loaded Vivado IP repository 'D:/XILINX/Vivado/2017.4/data/ip'.
update_compile_order -fileset sources_1
exit
INFO: [Common 17-206] Exiting Vivado at Mon Oct 17 16:12:42 2022...
