#-----------------------------------------------------------
# Vivado v2017.4 (64-bit)
# SW Build 2086221 on Fri Dec 15 20:55:39 MST 2017
# IP Build 2085800 on Fri Dec 15 22:25:07 MST 2017
# Start of session at: Wed Oct 12 23:51:24 2022
# Process ID: 27996
# Current directory: D:/FHH/大学/个人/数字电路/prj/project/project_1
# Command line: vivado.exe -gui_launcher_event rodinguilauncherevent24280 D:\FHH\大学\个人\数字电路\prj\project\project_1\project_1.xpr
# Log file: D:/FHH/大学/个人/数字电路/prj/project/project_1/vivado.log
# Journal file: D:/FHH/大学/个人/数字电路/prj/project/project_1\vivado.jou
#-----------------------------------------------------------
start_gui
open_project D:/FHH/大学/个人/数字电路/prj/project/project_1/project_1.xpr
CRITICAL WARNING: [Project 1-19] Could not find the file 'D:/FHH/大学/个人/数字电路/prj/project/project_1/project_1.srcs/sim_1/new/text_add_4.v'.
Scanning sources...
Finished scanning sources
INFO: [IP_Flow 19-234] Refreshing IP repositories
INFO: [IP_Flow 19-1704] No user IP repositories specified
INFO: [IP_Flow 19-2313] Loaded Vivado IP repository 'D:/XILINX/Vivado/2017.4/data/ip'.
update_compile_order -fileset sources_1
update_compile_order -fileset sim_1
update_compile_order -fileset sim_1
exit
INFO: [Common 17-206] Exiting Vivado at Thu Oct 13 12:29:15 2022...
