#-----------------------------------------------------------
# Vivado v2017.4 (64-bit)
# SW Build 2086221 on Fri Dec 15 20:55:39 MST 2017
# IP Build 2085800 on Fri Dec 15 22:25:07 MST 2017
# Start of session at: Thu Oct 20 16:40:23 2022
# Process ID: 89852
# Current directory: D:/FHH/大学/个人/数字电路/prj/project/project_2_1
# Command line: vivado.exe -gui_launcher_event rodinguilauncherevent47120 D:\FHH\大学\个人\数字电路\prj\project\project_2_1\project_3.xpr
# Log file: D:/FHH/大学/个人/数字电路/prj/project/project_2_1/vivado.log
# Journal file: D:/FHH/大学/个人/数字电路/prj/project/project_2_1\vivado.jou
#-----------------------------------------------------------
start_gui
open_project D:/FHH/大学/个人/数字电路/prj/project/project_2_1/project_3.xpr
INFO: [Project 1-313] Project file moved from 'D:/FHH/prj/project/project_3' since last save.
WARNING: [Project 1-312] File not found as 'D:/FHH/大学/个人/数字电路/大学/个人/数字电路/prj/实验2/comp_4/TEMPLATE_COMP_4.v'; using path 'D:/FHH/大学/个人/数字电路/prj/实验2/comp_4/TEMPLATE_COMP_4.v' instead.
WARNING: [Project 1-312] File not found as 'D:/FHH/大学/个人/数字电路/大学/个人/数字电路/prj/实验2/comp_4/Test_comp_4.v'; using path 'D:/FHH/大学/个人/数字电路/prj/实验2/comp_4/Test_comp_4.v' instead.
Scanning sources...
Finished scanning sources
INFO: [IP_Flow 19-234] Refreshing IP repositories
INFO: [IP_Flow 19-1704] No user IP repositories specified
INFO: [IP_Flow 19-2313] Loaded Vivado IP repository 'D:/XILINX/Vivado/2017.4/data/ip'.
open_project: Time (s): cpu = 00:00:07 ; elapsed = 00:00:05 . Memory (MB): peak = 828.742 ; gain = 84.055
update_compile_order -fileset sources_1
exit
INFO: [Common 17-206] Exiting Vivado at Thu Oct 20 16:50:01 2022...
