#-----------------------------------------------------------
# Vivado v2017.4 (64-bit)
# SW Build 2086221 on Fri Dec 15 20:55:39 MST 2017
# IP Build 2085800 on Fri Dec 15 22:25:07 MST 2017
# Start of session at: Wed Nov  9 20:42:56 2022
# Process ID: 81372
# Current directory: D:/FHH/大学/个人/数字电路/prj/project/project_2_1
# Command line: vivado.exe -gui_launcher_event rodinguilauncherevent80720 D:\FHH\大学\个人\数字电路\prj\project\project_2_1\project_3.xpr
# Log file: D:/FHH/大学/个人/数字电路/prj/project/project_2_1/vivado.log
# Journal file: D:/FHH/大学/个人/数字电路/prj/project/project_2_1\vivado.jou
#-----------------------------------------------------------
start_gui
open_project D:/FHH/大学/个人/数字电路/prj/project/project_2_1/project_3.xpr
INFO: [Project 1-313] Project file moved from 'D:/FHH/prj/project/project_3' since last save.
WARNING: [Project 1-312] File not found as 'D:/FHH/大学/个人/数字电路/大学/个人/数字电路/prj/实验2/comp_4/TEMPLATE_COMP_4.v'; using path 'D:/FHH/大学/个人/数字电路/prj/实验2/comp_4/TEMPLATE_COMP_4.v' instead.
WARNING: [Project 1-312] File not found as 'D:/FHH/大学/个人/数字电路/大学/个人/数字电路/prj/实验2/comp_4/Test_comp_4.v'; using path 'D:/FHH/大学/个人/数字电路/prj/实验2/comp_4/Test_comp_4.v' instead.
Scanning sources...
Finished scanning sources
INFO: [IP_Flow 19-234] Refreshing IP repositories
INFO: [IP_Flow 19-1704] No user IP repositories specified
INFO: [IP_Flow 19-2313] Loaded Vivado IP repository 'D:/XILINX/Vivado/2017.4/data/ip'.
open_project: Time (s): cpu = 00:00:07 ; elapsed = 00:00:05 . Memory (MB): peak = 887.820 ; gain = 54.949
update_compile_order -fileset sources_1
launch_simulation
INFO: [Vivado 12-5682] Launching behavioral simulation in 'D:/FHH/大学/个人/数字电路/prj/project/project_2_1/project_3.sim/sim_1/behav/xsim'
INFO: [SIM-utils-51] Simulation object is 'sim_1'
INFO: [SIM-utils-54] Inspecting design source files for 'Test_comp_4' in fileset 'sim_1'...
INFO: [USF-XSim-97] Finding global include files...
INFO: [USF-XSim-98] Fetching design files from 'sim_1'...
INFO: [USF-XSim-2] XSim::Compile design
INFO: [USF-XSim-61] Executing 'COMPILE and ANALYZE' step in 'D:/FHH/大学/个人/数字电路/prj/project/project_2_1/project_3.sim/sim_1/behav/xsim'
"xvlog --incr --relax -prj Test_comp_4_vlog.prj"
INFO: [VRFC 10-2263] Analyzing Verilog file "D:/FHH/大学/个人/数字电路/prj/project/project_2_1/project_3.srcs/sources_1/new/comp_4.v" into library xil_defaultlib
INFO: [VRFC 10-311] analyzing module comp_4
INFO: [VRFC 10-2263] Analyzing Verilog file "D:/FHH/大学/个人/数字电路/prj/project/project_2_1/project_3.sim/sim_1/behav/xsim/glbl.v" into library xil_defaultlib
INFO: [VRFC 10-311] analyzing module glbl
INFO: [USF-XSim-69] 'compile' step finished in '2' seconds
INFO: [USF-XSim-3] XSim::Elaborate design
INFO: [USF-XSim-61] Executing 'ELABORATE' step in 'D:/FHH/大学/个人/数字电路/prj/project/project_2_1/project_3.sim/sim_1/behav/xsim'
Vivado Simulator 2017.4
Copyright 1986-1999, 2001-2016 Xilinx, Inc. All Rights Reserved.
Running: D:/XILINX/Vivado/2017.4/bin/unwrapped/win64.o/xelab.exe -wto 876fe7a0625f402eabf600aae8a6ee1e --incr --debug typical --relax --mt 2 -L xil_defaultlib -L unisims_ver -L unimacro_ver -L secureip --snapshot Test_comp_4_behav xil_defaultlib.Test_comp_4 xil_defaultlib.glbl -log elaborate.log 
Using 2 slave threads.
Starting static elaboration
Completed static elaboration
Starting simulation data flow analysis
Completed simulation data flow analysis
Time Resolution for simulation is 1ps
Compiling module unisims_ver.IBUF
Compiling module unisims_ver.OBUF
Compiling module unisims_ver.LUT4
Compiling module unisims_ver.LUT6
Compiling module unisims_ver.LUT5
Compiling module xil_defaultlib.TEMPLATE_COMP_4
Compiling module xil_defaultlib.comp_4
Compiling module xil_defaultlib.Test_comp_4
Compiling module xil_defaultlib.glbl
Built simulation snapshot Test_comp_4_behav

****** Webtalk v2017.4 (64-bit)
  **** SW Build 2086221 on Fri Dec 15 20:55:39 MST 2017
  **** IP Build 2085800 on Fri Dec 15 22:25:07 MST 2017
    ** Copyright 1986-2017 Xilinx, Inc. All Rights Reserved.

source D:/FHH/大学/个人/数字电路/prj/project/project_2_1/project_3.sim/sim_1/behav/xsim/xsim.dir/Test_comp_4_behav/webtalk/xsim_webtalk.tcl -notrace
INFO: [Common 17-206] Exiting Webtalk at Wed Nov  9 20:43:54 2022...
run_program: Time (s): cpu = 00:00:00 ; elapsed = 00:00:07 . Memory (MB): peak = 899.750 ; gain = 0.000
INFO: [USF-XSim-69] 'elaborate' step finished in '7' seconds
INFO: [USF-XSim-4] XSim::Simulate design
INFO: [USF-XSim-61] Executing 'SIMULATE' step in 'D:/FHH/大学/个人/数字电路/prj/project/project_2_1/project_3.sim/sim_1/behav/xsim'
INFO: [USF-XSim-98] *** Running xsim
   with args "Test_comp_4_behav -key {Behavioral:sim_1:Functional:Test_comp_4} -tclbatch {Test_comp_4.tcl} -log {simulate.log}"
INFO: [USF-XSim-8] Loading simulator feature
Vivado Simulator 2017.4
Time resolution is 1 ps
source Test_comp_4.tcl
# set curr_wave [current_wave_config]
# if { [string length $curr_wave] == 0 } {
#   if { [llength [get_objects]] > 0} {
#     add_wave /
#     set_property needs_save false [current_wave_config]
#   } else {
#      send_msg_id Add_Wave-1 WARNING "No top level signals found. Simulator will start without a wave window. If you want to open a wave window go to 'File->New Waveform Configuration' or type 'create_wave_config' in the TCL console."
#   }
# }
# run 1000ns
INFO: [USF-XSim-96] XSim completed. Design snapshot 'Test_comp_4_behav' loaded.
INFO: [USF-XSim-97] XSim simulation ran for 1000ns
launch_simulation: Time (s): cpu = 00:00:04 ; elapsed = 00:00:12 . Memory (MB): peak = 900.090 ; gain = 5.148
close_sim
INFO: [Simtcl 6-16] Simulation closed
exit
INFO: [Common 17-206] Exiting Vivado at Wed Nov  9 20:44:35 2022...
